<?xml version="1.0" encoding="UTF-8"?>
<!-- Generated by org.testng.reporters.JUnitReportReporter -->
<testsuite hostname="DESKTOP-P466UOQ" failures="0" tests="1" name="test.org.oragnehrm.AddEmployeeTests" time="8.035" errors="0" timestamp="13 Dec 2018 17:23:07 GMT">
  <testcase classname="test.org.oragnehrm.AddEmployeeTests" name="verifyCreditLoginpage" time="8.035"/>
</testsuite> <!-- test.org.oragnehrm.AddEmployeeTests -->
