<?xml version="1.0" encoding="UTF-8"?>
<!-- Generated by org.testng.reporters.JUnitReportReporter -->
<testsuite hostname="DESKTOP-P466UOQ" failures="0" tests="1" name="test.org.oragnehrm.EmployeeListTests" time="1.355" errors="0" timestamp="9 Dec 2018 22:58:41 GMT">
  <testcase classname="test.org.oragnehrm.EmployeeListTests" name="verifyDeleteFunctionality" time="1.355"/>
</testsuite> <!-- test.org.oragnehrm.EmployeeListTests -->
