<?xml version="1.0" encoding="UTF-8"?>
<!-- Generated by org.testng.reporters.JUnitReportReporter -->
<testsuite hostname="DESKTOP-P466UOQ" failures="0" tests="1" name="test.org.oragnehrm.HomePage" time="1.310" errors="0" timestamp="7 Dec 2018 23:39:32 GMT">
  <testcase classname="test.org.oragnehrm.HomePage" name="verifylogin" time="1.310"/>
</testsuite> <!-- test.org.oragnehrm.HomePage -->
