<?xml version="1.0" encoding="UTF-8"?>
<!-- Generated by org.testng.reporters.JUnitReportReporter -->
<testsuite hostname="DESKTOP-P466UOQ" failures="0" tests="1" name="test.org.oragnehrm.AddEmployeeTests" time="4.264" errors="0" timestamp="21 Dec 2018 19:05:34 GMT">
  <testcase classname="test.org.oragnehrm.AddEmployeeTests" name="verifySetData" time="4.264"/>
</testsuite> <!-- test.org.oragnehrm.AddEmployeeTests -->
