<?xml version="1.0" encoding="UTF-8"?>
<!-- Generated by org.testng.reporters.JUnitReportReporter -->
<testsuite hostname="DESKTOP-P466UOQ" failures="0" tests="1" name="test.org.oragnehrm.RecruitmentTests" time="8.360" errors="0" timestamp="16 Dec 2018 02:24:07 GMT">
  <testcase classname="test.org.oragnehrm.RecruitmentTests" name="verifyDate" time="8.360"/>
</testsuite> <!-- test.org.oragnehrm.RecruitmentTests -->
