<?xml version="1.0" encoding="UTF-8"?>
<!-- Generated by org.testng.reporters.JUnitReportReporter -->
<testsuite hostname="DESKTOP-P466UOQ" failures="0" tests="2" name="test.org.oragnehrm.EmployeeListTests" time="2.664" errors="0" timestamp="20 Dec 2018 20:26:59 GMT">
  <testcase classname="test.org.oragnehrm.EmployeeListTests" name="getlinks" time="0.158"/>
  <testcase classname="test.org.oragnehrm.EmployeeListTests" name="verifyDeleteFunctionality" time="2.506"/>
</testsuite> <!-- test.org.oragnehrm.EmployeeListTests -->
